{"name": "test_add_durusma_gunu", "status": "failed", "statusDetails": {"message": "AssertionError", "trace": "self = <test_case_details.TestCaseDetails object at 0x0DA7E530>\n\n    def test_add_durusma_gunu(self):\n        driver = self.driver\n        self.login()\n        case_details = CaseDetails(driver)\n        home = HomePage(driver)\n        home.click_law_suit_page()\n        case_details.decisions_tab_entry()\n>       case_details.add_durusma_gunu()\n\ntest_case_details.py:161: \n_ _ _ _ _ _ _ _ _ _ _ _ _ _ _ _ _ _ _ _ _ _ _ _ _ _ _ _ _ _ _ _ _ _ _ _ _ _ _ _ _ _ _ _ _ _ _ _ _ _ _ _ _ _ _ _ _ _ _ _ _ _ _ _ _ _ _ _ _ _ _ _ _ _ _ _ _ _ _ _ _ _ _ _ _ _ _ _ _ _ _ _ _ _ _\n\nself = <Pages.CaseDetailsPage.CaseDetails object at 0x0DB2FAF0>\n\n    def add_durusma_gunu(self):\n        select = Select(self.driver.find_element_by_id(self.case_type_dropbox_id))\n        select.select_by_index(2)\n        self.driver.find_element_by_name(self.case_date_datetime_name)\\\n            .send_keys(self.MONTH + self.DAY + self.YEAR)\n        txtbox = self.driver.find_element_by_name(self.durusma_details_txtbox_name)\n        txtbox.clear()\n        txtbox.send_keys(self.DURUSMA_GUNU_DETAIL)\n        self.driver.find_element_by_id(self.case_end_date_checkbox_id).click()\n        # Save duruşma günü\n        self.driver.find_element_by_id(self.durusma_gunu_save_btn_id).click()\n        time.sleep(2)\n        durusma_gunu_type = self.driver.find_element_by_xpath(self.durusma_gunu_table_type_xpath)\n        durusma_gunu_detail = self.driver.find_element_by_xpath(self.durusma_gunu_table_detail_xpath)\n        assert durusma_gunu_type.text == \"Duruşma Günü\"\n>       assert durusma_gunu_detail == self.DURUSMA_GUNU_DETAIL\nE       AssertionError\n\n..\\Pages\\CaseDetailsPage.py:342: AssertionError"}, "start": 1568727489616, "stop": 1568727510319, "uuid": "fce06ace-e75e-443b-8047-58d4168de437", "historyId": "ee8ae47f9f3e0dce1c197ca9e7393a8a", "testCaseId": "afd9b0cbd0af8994bf2fa69fe064d470", "fullName": "test_case_details.TestCaseDetails#test_add_durusma_gunu", "labels": [{"name": "parentSuite"}, {"name": "suite", "value": "test_case_details"}, {"name": "subSuite", "value": "TestCaseDetails"}, {"name": "host", "value": "EVT01066NB"}, {"name": "thread", "value": "14248-MainThread"}, {"name": "framework", "value": "pytest"}, {"name": "language", "value": "cpython3"}, {"name": "package", "value": "test_case_details"}]}