{"name": "test_add_evidence_pdf", "status": "failed", "statusDetails": {"message": "AssertionError", "trace": "self = <test_case_details.TestCaseDetails object at 0x0D6DD6F0>\n\n    def test_add_evidence_pdf(self):\n        driver = self.driver\n        self.login()\n        case_details = CaseDetails(driver)\n        home = HomePage(driver)\n        home.click_law_suit_page()\n        case_details.evidence_tab_entry()\n>       case_details.add_evidence_attachment_pdf()\n\ntest_case_details.py:59: \n_ _ _ _ _ _ _ _ _ _ _ _ _ _ _ _ _ _ _ _ _ _ _ _ _ _ _ _ _ _ _ _ _ _ _ _ _ _ _ _ _ _ _ _ _ _ _ _ _ _ _ _ _ _ _ _ _ _ _ _ _ _ _ _ _ _ _ _ _ _ _ _ _ _ _ _\n\nself = <Pages.CaseDetailsPage.CaseDetails object at 0x0D6DDA50>\n\n    def add_evidence_attachment_pdf(self):\n        self.driver.find_element_by_id(self.add_new_evidence_btn_id).click()\n        self.driver.find_element_by_id(self.add_new_evidence_file_btn_id).send_keys(self.FILE_PATH_PDF)\n        time.sleep(2)\n        div = self.driver.find_element_by_xpath(self.evidence_pdf_div_class_xpath)\n        pdf_link = div.find_element_by_css_selector('a').get_attribute('href')\n        self.driver.get(pdf_link)\n        pdf_title = pdf_link[37:]\n>       assert pdf_title in self.driver.title\nE       AssertionError\n\n..\\Pages\\CaseDetailsPage.py:140: AssertionError"}, "start": 1568413932072, "stop": 1568413951906, "uuid": "7d49c2dc-fcb0-4325-b894-4662cca0832a", "historyId": "4f7a5ddc0b7cb28441ff50298fc8f8b0", "testCaseId": "0adf1ee14a27e3fd86dd27f25091aade", "fullName": "test_case_details.TestCaseDetails#test_add_evidence_pdf", "labels": [{"name": "parentSuite"}, {"name": "suite", "value": "test_case_details"}, {"name": "subSuite", "value": "TestCaseDetails"}, {"name": "host", "value": "EVT01066NB"}, {"name": "thread", "value": "16488-MainThread"}, {"name": "framework", "value": "pytest"}, {"name": "language", "value": "cpython3"}, {"name": "package", "value": "test_case_details"}]}