{"name": "test_add_expense", "status": "failed", "statusDetails": {"message": "AssertionError", "trace": "self = <test_case_details.TestCaseDetails object at 0x0E843650>\n\n    def test_add_expense(self):\n        driver = self.driver\n        self.login()\n        case_details = CaseDetails(driver)\n        home = HomePage(driver)\n        home.click_law_suit_page()\n        case_details.expenses_tab_entry()\n>       case_details.add_expense()\n\ntest_case_details.py:40: \n_ _ _ _ _ _ _ _ _ _ _ _ _ _ _ _ _ _ _ _ _ _ _ _ _ _ _ _ _ _ _ _ _ _ _ _ _ _ _ _ _ _ _ _ _ _ _ _ _ _ _ _ _ _ _ _ _ _ _ _ _ _ _ _ _ _ _ _ _ _ _ _ _ _ _ _ _ _ _ _ _ _ _ _ _ _ _ _ _ _ _ _ _ _ _\n\nself = <Pages.CaseDetailsPage.CaseDetails object at 0x0E843EF0>\n\n    def add_expense(self):\n        self.driver.find_element_by_id(self.expense_txtbox_id).clear()\n        self.driver.find_element_by_id(self.expense_txtbox_id).send_keys(self.EXPENSE_PAYMENT)\n        select = Select(self.driver.find_element_by_id(self.expense_dropbox_id))\n        select.select_by_value('TL')\n        self.driver.find_element_by_id(self.expense_detail_txtbox_id).clear()\n        self.driver.find_element_by_id(self.expense_detail_txtbox_id).send_keys(self.EXPENSE_PAYMENT_DETAIL)\n        self.driver.find_element_by_id(self.received_payment_date_datetime_id).send_keys(self.MONTH + self.DAY + self.YEAR)\n        self.driver.find_element_by_xpath(self.expense_add_btn_xpath).click()\n    \n        expense_detail = []\n        container = self.driver.find_elements_by_id(self.expense_and_payment_div_id)\n        for div_list in container:\n            # After iteration of all div elements,\n            # find last element that you added\n            div_items = div_list.find_elements_by_xpath('//*[@id=\"mtxk\"]/div[last()]')\n            for items in div_items:\n                item = items.find_elements_by_xpath('//*[@id=\"mtxk\"]/div[last()]/div')\n                for i in item:\n                    expense_detail.append(i.text)\n    \n        assert expense_detail[0] == self.EXPENSE_PAYMENT_DETAIL + \":\"\n>       assert expense_detail[1] == self.YEAR + \"-\" + self.MONTH + \"-\" + self.DAY\nE       AssertionError\n\n..\\Pages\\CaseDetailsPage.py:165: AssertionError"}, "start": 1568730321786, "stop": 1568730338342, "uuid": "407d5314-8a10-42a7-a489-f6900bfe234e", "historyId": "585fdc0418b995a1362d82b6c9ef5ade", "testCaseId": "6bab171a05d203eb3797d81fe58810ec", "fullName": "test_case_details.TestCaseDetails#test_add_expense", "labels": [{"name": "parentSuite"}, {"name": "suite", "value": "test_case_details"}, {"name": "subSuite", "value": "TestCaseDetails"}, {"name": "host", "value": "EVT01066NB"}, {"name": "thread", "value": "11132-MainThread"}, {"name": "framework", "value": "pytest"}, {"name": "language", "value": "cpython3"}, {"name": "package", "value": "test_case_details"}]}