{"name": "test_add_kararlar", "status": "failed", "statusDetails": {"message": "AssertionError", "trace": "self = <test_case_details.TestCaseDetails object at 0x0E1FA630>\n\n    def test_add_kararlar(self):\n        driver = self.driver\n        self.login()\n        case_details = CaseDetails(driver)\n        home = HomePage(driver)\n        home.click_law_suit_page()\n        case_details.decisions_tab_entry()\n>       case_details.add_kararlar()\n\ntest_case_details.py:170: \n_ _ _ _ _ _ _ _ _ _ _ _ _ _ _ _ _ _ _ _ _ _ _ _ _ _ _ _ _ _ _ _ _ _ _ _ _ _ _ _ _ _ _ _ _ _ _ _ _ _ _ _ _ _ _ _ _ _ _ _ _ _ _ _ _ _ _ _ _ _ _ _ _ _ _ _ _ _ _ _ _ _ _ _ _ _ _ _ _ _ _ _ _ _ _\n\nself = <Pages.CaseDetailsPage.CaseDetails object at 0x0E1FA8D0>\n\n    def add_kararlar(self):\n        select = Select(self.driver.find_element_by_id(self.case_type_dropbox_id))\n        select.select_by_index(3)\n        self.driver.find_element_by_name(self.decisions_date_datetime_name).send_keys(self.MONTH + self.DAY + self.YEAR)\n        self.driver.find_element_by_name(self.decisions_scan_copy_checkbox_name).click()\n        txtbox = self.driver.find_element_by_name(self.kararlar_details_txtbox_name)\n        txtbox.clear()\n        txtbox.send_keys(self.KARARLAR_DETAIL)\n        self.driver.find_element_by_id(self.kararlar_end_date_checkbox_id).click()\n        # Save kararlar\n        self.driver.find_element_by_id(self.kararlar_save_btn_id).click()\n        time.sleep(2)\n        kararlar_type = self.driver.find_element_by_xpath(self.kararlar_table_type_xpath)\n        kararlar_detail = self.driver.find_element_by_xpath(self.kararlar_table_detail_xpath)\n>       assert kararlar_type.text == \"Kararlar\"\nE       AssertionError\n\n..\\Pages\\CaseDetailsPage.py:358: AssertionError"}, "start": 1568727318577, "stop": 1568727341063, "uuid": "1e51183b-2f4c-45b4-88b1-875ccda565a1", "historyId": "9d8648bce091aa0ed771e84dce1b91b8", "testCaseId": "f0731606c91d9e9a29052ababd800c37", "fullName": "test_case_details.TestCaseDetails#test_add_kararlar", "labels": [{"name": "parentSuite"}, {"name": "suite", "value": "test_case_details"}, {"name": "subSuite", "value": "TestCaseDetails"}, {"name": "host", "value": "EVT01066NB"}, {"name": "thread", "value": "20504-MainThread"}, {"name": "framework", "value": "pytest"}, {"name": "language", "value": "cpython3"}, {"name": "package", "value": "test_case_details"}]}