{"name": "test_delete_added_request", "status": "failed", "statusDetails": {"message": "AssertionError", "trace": "self = <test_case_details.TestCaseDetails object at 0x0D8DC5F0>\n\n    def test_delete_added_request(self):\n        driver = self.driver\n        self.login()\n        case_details = CaseDetails(driver)\n        home = HomePage(driver)\n        home.click_law_suit_page()\n>       case_details.request_tab_entry()\n\ntest_case_details.py:86: \n_ _ _ _ _ _ _ _ _ _ _ _ _ _ _ _ _ _ _ _ _ _ _ _ _ _ _ _ _ _ _ _ _ _ _ _ _ _ _ _ _ _ _ _ _ _ _ _ _ _ _\n\nself = <Pages.CaseDetailsPage.CaseDetails object at 0x0D8DCCB0>\n\n    def request_tab_entry(self):\n        self.driver.find_element_by_xpath(self.table_last_row_xpath).click()\n        self.driver.find_element_by_id(self.request_tab_id).click()\n        title = self.driver.find_element_by_class_name(self.tab_h4_title_class)\n>       assert title.text == \"Ä°bralar / Talimatlar\"\nE       AssertionError\n\n..\\Pages\\CaseDetailsPage.py:172: AssertionError"}, "start": 1568618001735, "stop": 1568618019999, "uuid": "014dc577-5400-42f1-981c-6abdaa5ff3b5", "historyId": "812199f097f3799c533dced022272d50", "testCaseId": "546de6c208ed1c45d32a4ab8f8a947c2", "fullName": "test_case_details.TestCaseDetails#test_delete_added_request", "labels": [{"name": "parentSuite"}, {"name": "suite", "value": "test_case_details"}, {"name": "subSuite", "value": "TestCaseDetails"}, {"name": "host", "value": "EVT01066NB"}, {"name": "thread", "value": "12192-MainThread"}, {"name": "framework", "value": "pytest"}, {"name": "language", "value": "cpython3"}, {"name": "package", "value": "test_case_details"}]}