{"name": "test_delete_added_request", "status": "failed", "statusDetails": {"message": "AssertionError", "trace": "self = <test_case_details.TestCaseDetails object at 0x0DB4C6B0>\n\n    def test_delete_added_request(self):\n        driver = self.driver\n        self.login()\n        case_details = CaseDetails(driver)\n        home = HomePage(driver)\n        home.click_law_suit_page()\n        case_details.request_tab_entry()\n>       case_details.delete_added_request()\n\ntest_case_details.py:87: \n_ _ _ _ _ _ _ _ _ _ _ _ _ _ _ _ _ _ _ _ _ _ _ _ _ _ _ _ _ _ _ _ _ _ _ _ _ _ _ _ _ _ _ _ _ _ _ _ _ _ _ _ _ _ _ _ _ _ _ _ _ _ _ _ _ _ _ _ _ _ _ _ _ _ _ _ _ _ _ _ _ _ _ _ _ _ _ _ _ _ _ _ _ _ _\n\nself = <Pages.CaseDetailsPage.CaseDetails object at 0x0DB4CAB0>\n\n    def delete_added_request(self):\n        # table_body = self.driver.find_elements_by_xpath(self.directive_table_xpath) # tbody\n        delete_btn = self.driver.find_element_by_xpath(\"//table/tbody/tr[2]/td[4]/a[2]\")\n        delete_btn.click()\n        h1_id = '//*[@id=\"main-message\"]/h1'\n        print(h1_id)\n>       assert h1_id == \"This page isnâ€™t working\"\nE       AssertionError\n\n..\\Pages\\CaseDetailsPage.py:180: AssertionError"}, "start": 1568633783714, "stop": 1568633803470, "uuid": "c7d868cb-700a-42ec-b513-9dec51378b13", "historyId": "812199f097f3799c533dced022272d50", "testCaseId": "546de6c208ed1c45d32a4ab8f8a947c2", "fullName": "test_case_details.TestCaseDetails#test_delete_added_request", "labels": [{"name": "parentSuite"}, {"name": "suite", "value": "test_case_details"}, {"name": "subSuite", "value": "TestCaseDetails"}, {"name": "host", "value": "EVT01066NB"}, {"name": "thread", "value": "4568-MainThread"}, {"name": "framework", "value": "pytest"}, {"name": "language", "value": "cpython3"}, {"name": "package", "value": "test_case_details"}]}