{"name": "test_add_received_payment", "status": "failed", "statusDetails": {"message": "AssertionError", "trace": "self = <test_case_details.TestCaseDetails object at 0x0DA6C270>\n\n    def test_add_received_payment(self):\n        driver = self.driver\n        self.login()\n        case_details = CaseDetails(driver)\n        home = HomePage(driver)\n        home.click_law_suit_page()\n        case_details.expenses_tab_entry()\n>       case_details.add_received_payment()\n\ntest_case_details.py:30: \n_ _ _ _ _ _ _ _ _ _ _ _ _ _ _ _ _ _ _ _ _ _ _ _ _ _ _ _ _ _ _ _ _ _ _ _ _ _ _ _ _ _ _ _ _ _ _ _ _ _ _ _ _ _ _ _ _ _ _ _\n\nself = <Pages.CaseDetailsPage.CaseDetails object at 0x0DA6CC70>\n\n    def add_received_payment(self):\n        self.driver.find_element_by_id(self.received_payment_txtbox_id).clear()\n        self.driver.find_element_by_id(self.received_payment_txtbox_id).send_keys(self.RECEIVED_PAYMENT)\n        select = Select(self.driver.find_element_by_id(self.received_payment_currency_dropbox_id))\n        select.select_by_value('TL')\n        self.driver.find_element_by_id(self.received_payment_detail_txtbox_id).clear()\n        self.driver.find_element_by_id(self.received_payment_detail_txtbox_id).send_keys(self.RECEIVED_PAYMENT_DETAIL)\n        self.driver.find_element_by_id(self.received_payment_date_datetime_id).send_keys(self.RECEIVED_PAYMENT_DATE)\n        self.driver.find_element_by_xpath(self.received_payment_add_btn_xpath).click()\n    \n        # Find and store the received payments and expenses in \"container\" variable\n        payment_detail = []\n        container = self.driver.find_elements_by_id(self.expense_payment_div_id)\n        for div_list in container:\n            # After iteration of all div elements, find last element that you added\n            items = div_list.find_elements_by_xpath('//*[@id=\"mtxk\"]/div[last()]')\n            for item in items:\n                payment_detail.append(item.text)\n    \n>       assert payment_detail[0] == self.RECEIVED_PAYMENT_DETAIL\nE       AssertionError\n\n..\\Pages\\CaseDetailsPage.py:54: AssertionError"}, "attachments": [{"name": "stdout", "source": "888fb36e-f109-4197-8f7b-81d96c9041c5-attachment.txt", "type": "text/plain"}], "start": 1568196777193, "stop": 1568196823212, "uuid": "a03ec3df-e616-4df5-bb8d-25be3058fc85", "historyId": "69512407d4dad7739f37015561594de1", "testCaseId": "7aa5c82ad87eca654c88ae39cb0a8656", "fullName": "test_case_details.TestCaseDetails#test_add_received_payment", "labels": [{"name": "parentSuite"}, {"name": "suite", "value": "test_case_details"}, {"name": "subSuite", "value": "TestCaseDetails"}, {"name": "host", "value": "EVT01066NB"}, {"name": "thread", "value": "1520-MainThread"}, {"name": "framework", "value": "pytest"}, {"name": "language", "value": "cpython3"}, {"name": "package", "value": "test_case_details"}]}