{"name": "test_add_evidence", "status": "failed", "statusDetails": {"message": "AssertionError", "trace": "self = <test_case_details.TestCaseDetails object at 0x0D1DB6B0>\n\n    def test_add_evidence(self):\n        driver = self.driver\n        self.login()\n        case_details = CaseDetails(driver)\n        home = HomePage(driver)\n        home.click_law_suit_page()\n        case_details.evidence_tab_entry()\n>       case_details.add_evidence_attachment_image()\n\ntest_case_details.py:49: \n_ _ _ _ _ _ _ _ _ _ _ _ _ _ _ _ _ _ _ _ _ _ _ _ _ _ _ _ _ _ _ _ _ _ _ _ _ _ _ _ _ _ _ _ _ _ _ _ _ _ _ _ _ _ _ _ _ _ _ _ _ _ _ _ _ _ _ _ _ _ _ _ _ _ _ _\n\nself = <Pages.CaseDetailsPage.CaseDetails object at 0x0D1DBA10>\n\n    def add_evidence_attachment_image(self):\n        self.driver.find_element_by_id(self.add_new_evidence_btn_id).click()\n        self.driver.find_element_by_id(self.add_new_evidence_file_btn_id).send_keys(self.FILE_PATH)\n        time.sleep(2)\n    \n        img_list = []\n        source = self.driver.find_elements_by_tag_name('img')\n        for image in source:\n            img_list.append(image.get_attribute('src'))\n    \n        self.driver.get(img_list[1])\n        img_title = img_list[1][37:]\n        print(img_title)\n>       assert img_title == self.driver.title\nE       AssertionError\n\n..\\Pages\\CaseDetailsPage.py:127: AssertionError"}, "start": 1568410009078, "stop": 1568410027063, "uuid": "27502024-9bcd-4dd2-b101-ab253f0e0638", "historyId": "1b0719228033f564f68e8171fe6bf095", "testCaseId": "b97ef1dc24e3a37bb3c5fd0020ba1941", "fullName": "test_case_details.TestCaseDetails#test_add_evidence", "labels": [{"name": "parentSuite"}, {"name": "suite", "value": "test_case_details"}, {"name": "subSuite", "value": "TestCaseDetails"}, {"name": "host", "value": "EVT01066NB"}, {"name": "thread", "value": "7284-MainThread"}, {"name": "framework", "value": "pytest"}, {"name": "language", "value": "cpython3"}, {"name": "package", "value": "test_case_details"}]}