{"name": "test_add_request", "status": "failed", "statusDetails": {"message": "AssertionError", "trace": "self = <test_case_details.TestCaseDetails object at 0x0E57D890>\n\n    def test_add_request(self):\n        driver = self.driver\n        self.login()\n        case_details = CaseDetails(driver)\n        home = HomePage(driver)\n        home.click_law_suit_page()\n        case_details.request_tab_entry()\n>       case_details.add_request()\n\ntest_case_details.py:115: \n_ _ _ _ _ _ _ _ _ _ _ _ _ _ _ _ _ _ _ _ _ _ _ _ _ _ _ _ _ _ _ _ _ _ _ _ _ _ _ _ _ _ _ _ _ _ _ _ _ _ _ _ _ _ _ _ _ _ _ _ _ _ _ _ _ _ _ _ _ _ _ _ _ _ _ _ _ _ _ _ _ _ _ _ _ _ _ _ _ _ _ _ _ _ _\n\nself = <Pages.CaseDetailsPage.CaseDetails object at 0x0E57D9F0>\n\n    def add_request(self):\n        self.driver.find_element_by_id(self.add_directive_btn_id).click()\n    \n        # Select first radio\n        is_selected = self.driver.find_element_by_xpath(self.ibra_radio_xpath).get_attribute(\"checked\")\n        assert is_selected is not None\n        title_textbox = self.driver.find_element_by_id(self.ibra_talimat_title_txtbox_id)\n>       assert title_textbox.get_attribute('value') == self.IBRA_TITLE\nE       AssertionError\n\n..\\Pages\\CaseDetailsPage.py:197: AssertionError"}, "start": 1568697478879, "stop": 1568697495431, "uuid": "ce8e0da3-6038-407b-8065-427e5d4d7feb", "historyId": "d8e6b944104c590a7eb29ff186de38b5", "testCaseId": "0e9f2fe3421f86e52557a84f0706d132", "fullName": "test_case_details.TestCaseDetails#test_add_request", "labels": [{"name": "parentSuite"}, {"name": "suite", "value": "test_case_details"}, {"name": "subSuite", "value": "TestCaseDetails"}, {"name": "host", "value": "EVT01066NB"}, {"name": "thread", "value": "16024-MainThread"}, {"name": "framework", "value": "pytest"}, {"name": "language", "value": "cpython3"}, {"name": "package", "value": "test_case_details"}]}